d:\gameproject\cpp_project\multigame\gameserver\x64\debug\vc143.pdb
d:\gameproject\cpp_project\multigame\gameserver\x64\debug\vc143.idb
d:\gameproject\cpp_project\multigame\gameserver\x64\debug\struct.pb.obj
d:\gameproject\cpp_project\multigame\gameserver\x64\debug\protocol.pb.obj
d:\gameproject\cpp_project\multigame\gameserver\x64\debug\enum.pb.obj
d:\gameproject\cpp_project\multigame\gameserver\x64\debug\room.obj
d:\gameproject\cpp_project\multigame\gameserver\x64\debug\player.obj
d:\gameproject\cpp_project\multigame\gameserver\x64\debug\gamesessionmanager.obj
d:\gameproject\cpp_project\multigame\gameserver\x64\debug\gamesession.obj
d:\gameproject\cpp_project\multigame\gameserver\x64\debug\gameserver.obj
d:\gameproject\cpp_project\multigame\gameserver\x64\debug\clientpackethandler.obj
d:\gameproject\cpp_project\multigame\gameserver\x64\debug\gameserver.pch
d:\gameproject\cpp_project\multigame\gameserver\x64\debug\pch.obj
d:\gameproject\cpp_project\multigame\gameserver\x64\debug\projectile.obj
d:\gameproject\cpp_project\multigame\gameserver\x64\debug\mapdata.obj
d:\gameproject\cpp_project\multigame\binary\debug\gameserver.exe
d:\gameproject\cpp_project\multigame\gameserver\x64\debug\gameserver.ilk
d:\gameproject\cpp_project\multigame\binary\debug\gameserver.pdb
d:\gameproject\cpp_project\multigame\gameserver\x64\debug\roommanager.obj
d:\gameproject\cpp_project\multigame\gameserver\x64\debug\gameserver.tlog\cl.command.1.tlog
d:\gameproject\cpp_project\multigame\gameserver\x64\debug\gameserver.tlog\cl.read.1.tlog
d:\gameproject\cpp_project\multigame\gameserver\x64\debug\gameserver.tlog\cl.write.1.tlog
d:\gameproject\cpp_project\multigame\gameserver\x64\debug\gameserver.tlog\link.command.1.tlog
d:\gameproject\cpp_project\multigame\gameserver\x64\debug\gameserver.tlog\link.read.1.tlog
d:\gameproject\cpp_project\multigame\gameserver\x64\debug\gameserver.tlog\link.write.1.tlog
