  pch.cpp
  Allocator.cpp
C:\Users\user\Desktop\CPP_GameServer\Multigame\ServerCore\Allocator.cpp(29,54): warning C4244: '인수': 'FrokEngine::int64'에서 'SIZE_T'(으)로 변환하면서 데이터가 손실될 수 있습니다.
  BufferReader.cpp
  BufferWriter.cpp
  CoreGlobal.cpp
  CorePch.cpp
  CoreTLS.cpp
  DBConnector.cpp
  DeadLockProfiler.cpp
  GlobalQueue.cpp
  IocpCore.cpp
  IocpEvent.cpp
  Job.cpp
  JobTimer.cpp
  LockQueue.cpp
  JobQueue.cpp
  Listener.cpp
  Lock.cpp
  Memory.cpp
C:\Users\user\Desktop\CPP_GameServer\Multigame\ServerCore\Memory.cpp(18,43): warning C4316: 'FrokEngine::MemoryPool': 힙에 할당된 개체가 16에 맞추어져 있지 않을 수도 있습니다
C:\Users\user\Desktop\CPP_GameServer\Multigame\ServerCore\Memory.cpp(30,43): warning C4316: 'FrokEngine::MemoryPool': 힙에 할당된 개체가 16에 맞추어져 있지 않을 수도 있습니다
C:\Users\user\Desktop\CPP_GameServer\Multigame\ServerCore\Memory.cpp(42,43): warning C4316: 'FrokEngine::MemoryPool': 힙에 할당된 개체가 16에 맞추어져 있지 않을 수도 있습니다
  MemoryPool.cpp
  NetAddress.cpp
  코드를 생성하고 있습니다...
  컴파일하고 있습니다...
  RecvBuffer.cpp
  RefCounting.cpp
  SendBuffer.cpp
  Service.cpp
  Session.cpp
  SocketUtils.cpp
  ThreadManager.cpp
  코드를 생성하고 있습니다...
  ServerCore.vcxproj -> C:\Users\user\Desktop\CPP_GameServer\Multigame\Libraries\Libs\ServerCore\Debug\ServerCore.lib
