Protocol.proto(4,1): warning G1A4DC0EC: Import Enum.proto is unused.
  #pragma once
  #include "Protocol.pb.h"
  
  using PacketHandlerFunc = std::function<bool(PacketSessionRef&, BYTE*, int32)>;
  extern PacketHandlerFunc GPacketHandler[UINT16_MAX];
  
  enum : uint16
  {
  	PKT_S_ENTERGAME = 1000,
  	PKT_S_LEAVEGAME = 1001,
  	PKT_S_SPAWN = 1002,
  	PKT_S_DESPAWN = 1003,
  	PKT_C_MOVE = 1004,
  	PKT_S_MOVE = 1005,
  	PKT_C_SKILL = 1006,
  	PKT_S_SKILL = 1007,
  	PKT_S_CHANGEHP = 1008,
  	PKT_S_DIE = 1009,
  };
  
  // Custom Handlers
  bool Handle_INVALID(PacketSessionRef& session, BYTE* buffer, int32 len);
  bool Handle_C_MOVE(PacketSessionRef& session, Protocol::C_MOVE& pkt);
  bool Handle_C_SKILL(PacketSessionRef& session, Protocol::C_SKILL& pkt);
  
  class ClientPacketHandler
  {
  public:
  	static void Init()
  	{
  		for (int32 i = 0; i < UINT16_MAX; i++)
  			GPacketHandler[i] = Handle_INVALID;
  		GPacketHandler[PKT_C_MOVE] = [](PacketSessionRef& session, BYTE* buffer, int32 len) { return HandlePacket<Protocol::C_MOVE>(Handle_C_MOVE, session, buffer, len); };
  		GPacketHandler[PKT_C_SKILL] = [](PacketSessionRef& session, BYTE* buffer, int32 len) { return HandlePacket<Protocol::C_SKILL>(Handle_C_SKILL, session, buffer, len); };
  	}
  
  	static bool HandlePacket(PacketSessionRef& session, BYTE* buffer, int32 len)
  	{
  		PacketHeader* header = reinterpret_cast<PacketHeader*>(buffer);
  		return GPacketHandler[header->id](session, buffer, len);
  	}
  	static SendBufferRef MakeSendBuffer(Protocol::S_ENTERGAME& pkt) { return MakeSendBuffer(pkt, PKT_S_ENTERGAME); }
  	static SendBufferRef MakeSendBuffer(Protocol::S_LEAVEGAME& pkt) { return MakeSendBuffer(pkt, PKT_S_LEAVEGAME); }
  	static SendBufferRef MakeSendBuffer(Protocol::S_SPAWN& pkt) { return MakeSendBuffer(pkt, PKT_S_SPAWN); }
  	static SendBufferRef MakeSendBuffer(Protocol::S_DESPAWN& pkt) { return MakeSendBuffer(pkt, PKT_S_DESPAWN); }
  	static SendBufferRef MakeSendBuffer(Protocol::S_MOVE& pkt) { return MakeSendBuffer(pkt, PKT_S_MOVE); }
  	static SendBufferRef MakeSendBuffer(Protocol::S_SKILL& pkt) { return MakeSendBuffer(pkt, PKT_S_SKILL); }
  	static SendBufferRef MakeSendBuffer(Protocol::S_CHANGEHP& pkt) { return MakeSendBuffer(pkt, PKT_S_CHANGEHP); }
  	static SendBufferRef MakeSendBuffer(Protocol::S_DIE& pkt) { return MakeSendBuffer(pkt, PKT_S_DIE); }
  
  private:
  	template<typename PacketType, typename ProcessFunc>
  	static bool HandlePacket(ProcessFunc func, PacketSessionRef& session, BYTE* buffer, int32 len)
  	{
  		PacketType pkt;
  		if (pkt.ParseFromArray(buffer + sizeof(PacketHeader), len - sizeof(PacketHeader)) == false)
  			return false;
  
  		return func(session, pkt);
  	}
  
  	template<typename T>
  	static SendBufferRef MakeSendBuffer(T& pkt, uint16 pktId)
  	{
  		const uint16 dataSize = static_cast<uint16>(pkt.ByteSizeLong());
  		const uint16 packetSize = dataSize + sizeof(PacketHeader);
  
  		SendBufferRef sendBuffer = GSendBufferManager->Open(packetSize);
  		PacketHeader* header = reinterpret_cast<PacketHeader*>(sendBuffer->Buffer());
  		header->size = packetSize;
  		header->id = pktId;
  		ASSERT_CRASH(pkt.SerializeToArray(&header[1], dataSize));
  		sendBuffer->Close(packetSize);
  
  		return sendBuffer;
  	}
  };
  #pragma once
  #include "Protocol.pb.h"
  
  using PacketHandlerFunc = std::function<bool(PacketSessionRef&, BYTE*, int32)>;
  extern PacketHandlerFunc GPacketHandler[UINT16_MAX];
  
  enum : uint16
  {
  	PKT_S_ENTERGAME = 1000,
  	PKT_S_LEAVEGAME = 1001,
  	PKT_S_SPAWN = 1002,
  	PKT_S_DESPAWN = 1003,
  	PKT_C_MOVE = 1004,
  	PKT_S_MOVE = 1005,
  	PKT_C_SKILL = 1006,
  	PKT_S_SKILL = 1007,
  	PKT_S_CHANGEHP = 1008,
  	PKT_S_DIE = 1009,
  };
  
  // Custom Handlers
  bool Handle_INVALID(PacketSessionRef& session, BYTE* buffer, int32 len);
  bool Handle_S_ENTERGAME(PacketSessionRef& session, Protocol::S_ENTERGAME& pkt);
  bool Handle_S_LEAVEGAME(PacketSessionRef& session, Protocol::S_LEAVEGAME& pkt);
  bool Handle_S_SPAWN(PacketSessionRef& session, Protocol::S_SPAWN& pkt);
  bool Handle_S_DESPAWN(PacketSessionRef& session, Protocol::S_DESPAWN& pkt);
  bool Handle_S_MOVE(PacketSessionRef& session, Protocol::S_MOVE& pkt);
  bool Handle_S_SKILL(PacketSessionRef& session, Protocol::S_SKILL& pkt);
  bool Handle_S_CHANGEHP(PacketSessionRef& session, Protocol::S_CHANGEHP& pkt);
  bool Handle_S_DIE(PacketSessionRef& session, Protocol::S_DIE& pkt);
  
  class ServerPacketHandler
  {
  public:
  	static void Init()
  	{
  		for (int32 i = 0; i < UINT16_MAX; i++)
  			GPacketHandler[i] = Handle_INVALID;
  		GPacketHandler[PKT_S_ENTERGAME] = [](PacketSessionRef& session, BYTE* buffer, int32 len) { return HandlePacket<Protocol::S_ENTERGAME>(Handle_S_ENTERGAME, session, buffer, len); };
  		GPacketHandler[PKT_S_LEAVEGAME] = [](PacketSessionRef& session, BYTE* buffer, int32 len) { return HandlePacket<Protocol::S_LEAVEGAME>(Handle_S_LEAVEGAME, session, buffer, len); };
  		GPacketHandler[PKT_S_SPAWN] = [](PacketSessionRef& session, BYTE* buffer, int32 len) { return HandlePacket<Protocol::S_SPAWN>(Handle_S_SPAWN, session, buffer, len); };
  		GPacketHandler[PKT_S_DESPAWN] = [](PacketSessionRef& session, BYTE* buffer, int32 len) { return HandlePacket<Protocol::S_DESPAWN>(Handle_S_DESPAWN, session, buffer, len); };
  		GPacketHandler[PKT_S_MOVE] = [](PacketSessionRef& session, BYTE* buffer, int32 len) { return HandlePacket<Protocol::S_MOVE>(Handle_S_MOVE, session, buffer, len); };
  		GPacketHandler[PKT_S_SKILL] = [](PacketSessionRef& session, BYTE* buffer, int32 len) { return HandlePacket<Protocol::S_SKILL>(Handle_S_SKILL, session, buffer, len); };
  		GPacketHandler[PKT_S_CHANGEHP] = [](PacketSessionRef& session, BYTE* buffer, int32 len) { return HandlePacket<Protocol::S_CHANGEHP>(Handle_S_CHANGEHP, session, buffer, len); };
  		GPacketHandler[PKT_S_DIE] = [](PacketSessionRef& session, BYTE* buffer, int32 len) { return HandlePacket<Protocol::S_DIE>(Handle_S_DIE, session, buffer, len); };
  	}
  
  	static bool HandlePacket(PacketSessionRef& session, BYTE* buffer, int32 len)
  	{
  		PacketHeader* header = reinterpret_cast<PacketHeader*>(buffer);
  		return GPacketHandler[header->id](session, buffer, len);
  	}
  	static SendBufferRef MakeSendBuffer(Protocol::C_MOVE& pkt) { return MakeSendBuffer(pkt, PKT_C_MOVE); }
  	static SendBufferRef MakeSendBuffer(Protocol::C_SKILL& pkt) { return MakeSendBuffer(pkt, PKT_C_SKILL); }
  
  private:
  	template<typename PacketType, typename ProcessFunc>
  	static bool HandlePacket(ProcessFunc func, PacketSessionRef& session, BYTE* buffer, int32 len)
  	{
  		PacketType pkt;
  		if (pkt.ParseFromArray(buffer + sizeof(PacketHeader), len - sizeof(PacketHeader)) == false)
  			return false;
  
  		return func(session, pkt);
  	}
  
  	template<typename T>
  	static SendBufferRef MakeSendBuffer(T& pkt, uint16 pktId)
  	{
  		const uint16 dataSize = static_cast<uint16>(pkt.ByteSizeLong());
  		const uint16 packetSize = dataSize + sizeof(PacketHeader);
  
  		SendBufferRef sendBuffer = GSendBufferManager->Open(packetSize);
  		PacketHeader* header = reinterpret_cast<PacketHeader*>(sendBuffer->Buffer());
  		header->size = packetSize;
  		header->id = pktId;
  		ASSERT_CRASH(pkt.SerializeToArray(&header[1], dataSize));
  		sendBuffer->Close(packetSize);
  
  		return sendBuffer;
  	}
  };
  D:Enum.pb.h
  1개 파일이 복사되었습니다.
  D:Enum.pb.cc
  1개 파일이 복사되었습니다.
  D:Struct.pb.h
  1개 파일이 복사되었습니다.
  D:Struct.pb.cc
  1개 파일이 복사되었습니다.
  D:Protocol.pb.h
  1개 파일이 복사되었습니다.
  D:Protocol.pb.cc
  1개 파일이 복사되었습니다.
  D:ClientPacketHandler.h
  1개 파일이 복사되었습니다.
  D:Enum.pb.h
  1개 파일이 복사되었습니다.
  D:Enum.pb.cc
  1개 파일이 복사되었습니다.
  D:Struct.pb.h
  1개 파일이 복사되었습니다.
  D:Struct.pb.cc
  1개 파일이 복사되었습니다.
  D:Protocol.pb.h
  1개 파일이 복사되었습니다.
  D:Protocol.pb.cc
  1개 파일이 복사되었습니다.
  D:ServerPacketHandler.h
  1개 파일이 복사되었습니다.
  계속하려면 아무 키나 누르십시오 . . . 
  pch.cpp
  DBConnector.cpp
  GameServer.cpp
D:\GameProject\CPP_Project\Multigame\GameServer\ClientPacketHandler.h(23,57): error C2039: 'C_MOVE': 'Protocol'의 멤버가 아닙니다.
D:\GameProject\CPP_Project\Multigame\GameServer\Protocol.pb.h(102): message : 'Protocol' 선언을 참조하십시오.
D:\GameProject\CPP_Project\Multigame\GameServer\ClientPacketHandler.h(23,63): error C2061: 구문 오류: 식별자 'C_MOVE'
D:\GameProject\CPP_Project\Multigame\GameServer\ClientPacketHandler.h(24,58): error C2039: 'C_SKILL': 'Protocol'의 멤버가 아닙니다.
D:\GameProject\CPP_Project\Multigame\GameServer\Protocol.pb.h(102): message : 'Protocol' 선언을 참조하십시오.
D:\GameProject\CPP_Project\Multigame\GameServer\ClientPacketHandler.h(24,65): error C2061: 구문 오류: 식별자 'C_SKILL'
D:\GameProject\CPP_Project\Multigame\GameServer\ClientPacketHandler.h(42,48): error C2039: 'S_ENTERGAME': 'Protocol'의 멤버가 아닙니다.
D:\GameProject\CPP_Project\Multigame\GameServer\Protocol.pb.h(102): message : 'Protocol' 선언을 참조하십시오.
D:\GameProject\CPP_Project\Multigame\GameServer\ClientPacketHandler.h(42,59): error C2061: 구문 오류: 식별자 'S_ENTERGAME'
D:\GameProject\CPP_Project\Multigame\GameServer\ClientPacketHandler.h(43,48): error C2039: 'S_LEAVEGAME': 'Protocol'의 멤버가 아닙니다.
D:\GameProject\CPP_Project\Multigame\GameServer\Protocol.pb.h(102): message : 'Protocol' 선언을 참조하십시오.
D:\GameProject\CPP_Project\Multigame\GameServer\ClientPacketHandler.h(43,59): error C2061: 구문 오류: 식별자 'S_LEAVEGAME'
D:\GameProject\CPP_Project\Multigame\GameServer\ClientPacketHandler.h(43,66): error C2535: 'FrokEngine::SendBufferRef ClientPacketHandler::MakeSendBuffer(void)': 멤버 함수를 이미 정의했거나 선언했습니다.
D:\GameProject\CPP_Project\Multigame\GameServer\ClientPacketHandler.h(42): message : 'ClientPacketHandler::MakeSendBuffer' 선언을 참조하십시오.
D:\GameProject\CPP_Project\Multigame\GameServer\ClientPacketHandler.h(44,48): error C2039: 'S_SPAWN': 'Protocol'의 멤버가 아닙니다.
D:\GameProject\CPP_Project\Multigame\GameServer\Protocol.pb.h(102): message : 'Protocol' 선언을 참조하십시오.
D:\GameProject\CPP_Project\Multigame\GameServer\ClientPacketHandler.h(44,55): error C2061: 구문 오류: 식별자 'S_SPAWN'
D:\GameProject\CPP_Project\Multigame\GameServer\ClientPacketHandler.h(44,62): error C2535: 'FrokEngine::SendBufferRef ClientPacketHandler::MakeSendBuffer(void)': 멤버 함수를 이미 정의했거나 선언했습니다.
D:\GameProject\CPP_Project\Multigame\GameServer\ClientPacketHandler.h(42): message : 'ClientPacketHandler::MakeSendBuffer' 선언을 참조하십시오.
D:\GameProject\CPP_Project\Multigame\GameServer\ClientPacketHandler.h(45,48): error C2039: 'S_DESPAWN': 'Protocol'의 멤버가 아닙니다.
D:\GameProject\CPP_Project\Multigame\GameServer\Protocol.pb.h(102): message : 'Protocol' 선언을 참조하십시오.
D:\GameProject\CPP_Project\Multigame\GameServer\ClientPacketHandler.h(45,57): error C2061: 구문 오류: 식별자 'S_DESPAWN'
D:\GameProject\CPP_Project\Multigame\GameServer\ClientPacketHandler.h(45,64): error C2535: 'FrokEngine::SendBufferRef ClientPacketHandler::MakeSendBuffer(void)': 멤버 함수를 이미 정의했거나 선언했습니다.
D:\GameProject\CPP_Project\Multigame\GameServer\ClientPacketHandler.h(42): message : 'ClientPacketHandler::MakeSendBuffer' 선언을 참조하십시오.
D:\GameProject\CPP_Project\Multigame\GameServer\ClientPacketHandler.h(46,48): error C2039: 'S_MOVE': 'Protocol'의 멤버가 아닙니다.
D:\GameProject\CPP_Project\Multigame\GameServer\Protocol.pb.h(102): message : 'Protocol' 선언을 참조하십시오.
D:\GameProject\CPP_Project\Multigame\GameServer\ClientPacketHandler.h(46,54): error C2061: 구문 오류: 식별자 'S_MOVE'
D:\GameProject\CPP_Project\Multigame\GameServer\ClientPacketHandler.h(46,61): error C2535: 'FrokEngine::SendBufferRef ClientPacketHandler::MakeSendBuffer(void)': 멤버 함수를 이미 정의했거나 선언했습니다.
D:\GameProject\CPP_Project\Multigame\GameServer\ClientPacketHandler.h(42): message : 'ClientPacketHandler::MakeSendBuffer' 선언을 참조하십시오.
D:\GameProject\CPP_Project\Multigame\GameServer\ClientPacketHandler.h(47,48): error C2039: 'S_SKILL': 'Protocol'의 멤버가 아닙니다.
D:\GameProject\CPP_Project\Multigame\GameServer\Protocol.pb.h(102): message : 'Protocol' 선언을 참조하십시오.
D:\GameProject\CPP_Project\Multigame\GameServer\ClientPacketHandler.h(47,55): error C2061: 구문 오류: 식별자 'S_SKILL'
D:\GameProject\CPP_Project\Multigame\GameServer\ClientPacketHandler.h(47,62): error C2535: 'FrokEngine::SendBufferRef ClientPacketHandler::MakeSendBuffer(void)': 멤버 함수를 이미 정의했거나 선언했습니다.
D:\GameProject\CPP_Project\Multigame\GameServer\ClientPacketHandler.h(42): message : 'ClientPacketHandler::MakeSendBuffer' 선언을 참조하십시오.
D:\GameProject\CPP_Project\Multigame\GameServer\ClientPacketHandler.h(48,48): error C2039: 'S_CHANGEHP': 'Protocol'의 멤버가 아닙니다.
D:\GameProject\CPP_Project\Multigame\GameServer\Protocol.pb.h(102): message : 'Protocol' 선언을 참조하십시오.
D:\GameProject\CPP_Project\Multigame\GameServer\ClientPacketHandler.h(48,58): error C2061: 구문 오류: 식별자 'S_CHANGEHP'
D:\GameProject\CPP_Project\Multigame\GameServer\ClientPacketHandler.h(48,65): error C2535: 'FrokEngine::SendBufferRef ClientPacketHandler::MakeSendBuffer(void)': 멤버 함수를 이미 정의했거나 선언했습니다.
D:\GameProject\CPP_Project\Multigame\GameServer\ClientPacketHandler.h(42): message : 'ClientPacketHandler::MakeSendBuffer' 선언을 참조하십시오.
D:\GameProject\CPP_Project\Multigame\GameServer\ClientPacketHandler.h(49,48): error C2039: 'S_DIE': 'Protocol'의 멤버가 아닙니다.
D:\GameProject\CPP_Project\Multigame\GameServer\Protocol.pb.h(102): message : 'Protocol' 선언을 참조하십시오.
D:\GameProject\CPP_Project\Multigame\GameServer\ClientPacketHandler.h(49,53): error C2061: 구문 오류: 식별자 'S_DIE'
D:\GameProject\CPP_Project\Multigame\GameServer\ClientPacketHandler.h(49,60): error C2535: 'FrokEngine::SendBufferRef ClientPacketHandler::MakeSendBuffer(void)': 멤버 함수를 이미 정의했거나 선언했습니다.
D:\GameProject\CPP_Project\Multigame\GameServer\ClientPacketHandler.h(42): message : 'ClientPacketHandler::MakeSendBuffer' 선언을 참조하십시오.
D:\GameProject\CPP_Project\Multigame\GameServer\ClientPacketHandler.h(33,119): error C2039: 'C_MOVE': 'Protocol'의 멤버가 아닙니다.
D:\GameProject\CPP_Project\Multigame\GameServer\Protocol.pb.h(102): message : 'Protocol' 선언을 참조하십시오.
D:\GameProject\CPP_Project\Multigame\GameServer\ClientPacketHandler.h(33,1): error C2065: 'C_MOVE': 선언되지 않은 식별자입니다.
D:\GameProject\CPP_Project\Multigame\GameServer\ClientPacketHandler.h(33,96): error C2672: 'ClientPacketHandler::HandlePacket': 일치하는 오버로드된 함수가 없습니다.
D:\GameProject\CPP_Project\Multigame\GameServer\ClientPacketHandler.h(33,1): error C2974: 'ClientPacketHandler::HandlePacket': 'PacketType'의 템플릿 인수가 잘못되었습니다. 형식이 필요합니다.
D:\GameProject\CPP_Project\Multigame\GameServer\ClientPacketHandler.h(53): message : 'ClientPacketHandler::HandlePacket' 선언을 참조하십시오.
D:\GameProject\CPP_Project\Multigame\GameServer\ClientPacketHandler.h(33,1): error C2679: 이항 '=': 오른쪽 피연산자로 'ClientPacketHandler::Init::<lambda_602895c1dbb987b7ace18d3f475b4a92>' 형식을 사용하는 연산자가 없거나 허용되는 변환이 없습니다.
C:\Program Files\Microsoft Visual Studio\2022\Community\VC\Tools\MSVC\14.31.31103\include\functional(1119,15): message : 'std::function<bool (FrokEngine::PacketSessionRef &,BYTE *,FrokEngine::int32)> &std::function<bool (FrokEngine::PacketSessionRef &,BYTE *,FrokEngine::int32)>::operator =(std::nullptr_t) noexcept'일 수 있습니다.
C:\Program Files\Microsoft Visual Studio\2022\Community\VC\Tools\MSVC\14.31.31103\include\functional(1094,15): message : 또는       'std::function<bool (FrokEngine::PacketSessionRef &,BYTE *,FrokEngine::int32)> &std::function<bool (FrokEngine::PacketSessionRef &,BYTE *,FrokEngine::int32)>::operator =(std::function<bool (FrokEngine::PacketSessionRef &,BYTE *,FrokEngine::int32)> &&) noexcept'
C:\Program Files\Microsoft Visual Studio\2022\Community\VC\Tools\MSVC\14.31.31103\include\functional(1078,15): message : 또는       'std::function<bool (FrokEngine::PacketSessionRef &,BYTE *,FrokEngine::int32)> &std::function<bool (FrokEngine::PacketSessionRef &,BYTE *,FrokEngine::int32)>::operator =(const std::function<bool (FrokEngine::PacketSessionRef &,BYTE *,FrokEngine::int32)> &)'
D:\GameProject\CPP_Project\Multigame\GameServer\ClientPacketHandler.h(33,1): message : 인수 목록 '(PacketHandlerFunc, ClientPacketHandler::Init::<lambda_602895c1dbb987b7ace18d3f475b4a92>)'을(를) 일치시키는 동안
D:\GameProject\CPP_Project\Multigame\GameServer\ClientPacketHandler.h(34,120): error C2039: 'C_SKILL': 'Protocol'의 멤버가 아닙니다.
D:\GameProject\CPP_Project\Multigame\GameServer\Protocol.pb.h(102): message : 'Protocol' 선언을 참조하십시오.
D:\GameProject\CPP_Project\Multigame\GameServer\ClientPacketHandler.h(34,1): error C2065: 'C_SKILL': 선언되지 않은 식별자입니다.
D:\GameProject\CPP_Project\Multigame\GameServer\ClientPacketHandler.h(34,97): error C2672: 'ClientPacketHandler::HandlePacket': 일치하는 오버로드된 함수가 없습니다.
D:\GameProject\CPP_Project\Multigame\GameServer\ClientPacketHandler.h(34,1): error C2974: 'ClientPacketHandler::HandlePacket': 'PacketType'의 템플릿 인수가 잘못되었습니다. 형식이 필요합니다.
D:\GameProject\CPP_Project\Multigame\GameServer\ClientPacketHandler.h(53): message : 'ClientPacketHandler::HandlePacket' 선언을 참조하십시오.
D:\GameProject\CPP_Project\Multigame\GameServer\ClientPacketHandler.h(34,1): error C2679: 이항 '=': 오른쪽 피연산자로 'ClientPacketHandler::Init::<lambda_5cbaa21699ccd95864bc39c7f1dc50f8>' 형식을 사용하는 연산자가 없거나 허용되는 변환이 없습니다.
C:\Program Files\Microsoft Visual Studio\2022\Community\VC\Tools\MSVC\14.31.31103\include\functional(1119,15): message : 'std::function<bool (FrokEngine::PacketSessionRef &,BYTE *,FrokEngine::int32)> &std::function<bool (FrokEngine::PacketSessionRef &,BYTE *,FrokEngine::int32)>::operator =(std::nullptr_t) noexcept'일 수 있습니다.
C:\Program Files\Microsoft Visual Studio\2022\Community\VC\Tools\MSVC\14.31.31103\include\functional(1094,15): message : 또는       'std::function<bool (FrokEngine::PacketSessionRef &,BYTE *,FrokEngine::int32)> &std::function<bool (FrokEngine::PacketSessionRef &,BYTE *,FrokEngine::int32)>::operator =(std::function<bool (FrokEngine::PacketSessionRef &,BYTE *,FrokEngine::int32)> &&) noexcept'
C:\Program Files\Microsoft Visual Studio\2022\Community\VC\Tools\MSVC\14.31.31103\include\functional(1078,15): message : 또는       'std::function<bool (FrokEngine::PacketSessionRef &,BYTE *,FrokEngine::int32)> &std::function<bool (FrokEngine::PacketSessionRef &,BYTE *,FrokEngine::int32)>::operator =(const std::function<bool (FrokEngine::PacketSessionRef &,BYTE *,FrokEngine::int32)> &)'
D:\GameProject\CPP_Project\Multigame\GameServer\ClientPacketHandler.h(34,1): message : 인수 목록 '(PacketHandlerFunc, ClientPacketHandler::Init::<lambda_5cbaa21699ccd95864bc39c7f1dc50f8>)'을(를) 일치시키는 동안
D:\GameProject\CPP_Project\Multigame\GameServer\ClientPacketHandler.h(42,90): error C2065: 'pkt': 선언되지 않은 식별자입니다.
D:\GameProject\CPP_Project\Multigame\GameServer\ClientPacketHandler.h(43,90): error C2065: 'pkt': 선언되지 않은 식별자입니다.
D:\GameProject\CPP_Project\Multigame\GameServer\ClientPacketHandler.h(44,86): error C2065: 'pkt': 선언되지 않은 식별자입니다.
D:\GameProject\CPP_Project\Multigame\GameServer\ClientPacketHandler.h(45,88): error C2065: 'pkt': 선언되지 않은 식별자입니다.
D:\GameProject\CPP_Project\Multigame\GameServer\ClientPacketHandler.h(46,85): error C2065: 'pkt': 선언되지 않은 식별자입니다.
D:\GameProject\CPP_Project\Multigame\GameServer\ClientPacketHandler.h(47,86): error C2065: 'pkt': 선언되지 않은 식별자입니다.
D:\GameProject\CPP_Project\Multigame\GameServer\ClientPacketHandler.h(48,89): error C2065: 'pkt': 선언되지 않은 식별자입니다.
D:\GameProject\CPP_Project\Multigame\GameServer\ClientPacketHandler.h(49,84): error C2065: 'pkt': 선언되지 않은 식별자입니다.
D:\GameProject\CPP_Project\Multigame\GameServer\Player.h(9,12): error C2039: 'PlayerType': 'Protocol'의 멤버가 아닙니다.
D:\GameProject\CPP_Project\Multigame\GameServer\Protocol.pb.h(102): message : 'Protocol' 선언을 참조하십시오.
D:\GameProject\CPP_Project\Multigame\GameServer\Player.h(9,23): error C3646: 'type': 알 수 없는 재정의 지정자입니다.
D:\GameProject\CPP_Project\Multigame\GameServer\Player.h(9,28): error C2059: 구문 오류: '='
D:\GameProject\CPP_Project\Multigame\GameServer\Player.h(9,40): error C2039: 'PLAYER_TYPE_NONE': 'Protocol'의 멤버가 아닙니다.
D:\GameProject\CPP_Project\Multigame\GameServer\Protocol.pb.h(102): message : 'Protocol' 선언을 참조하십시오.
D:\GameProject\CPP_Project\Multigame\GameServer\Player.h(9,56): error C2238: ';' 앞에 예기치 않은 토큰이 있습니다.
D:\GameProject\CPP_Project\Multigame\GameServer\GameServer.cpp(15,10): warning C4067: 전처리기 지시문 다음에 예기치 않은 토큰이 있습니다. 줄 바꿈 문자가 필요합니다.
  GameSession.cpp
D:\GameProject\CPP_Project\Multigame\GameServer\ClientPacketHandler.h(23,57): error C2039: 'C_MOVE': 'Protocol'의 멤버가 아닙니다.
D:\GameProject\CPP_Project\Multigame\GameServer\Protocol.pb.h(102): message : 'Protocol' 선언을 참조하십시오.
D:\GameProject\CPP_Project\Multigame\GameServer\ClientPacketHandler.h(23,63): error C2061: 구문 오류: 식별자 'C_MOVE'
D:\GameProject\CPP_Project\Multigame\GameServer\ClientPacketHandler.h(24,58): error C2039: 'C_SKILL': 'Protocol'의 멤버가 아닙니다.
D:\GameProject\CPP_Project\Multigame\GameServer\Protocol.pb.h(102): message : 'Protocol' 선언을 참조하십시오.
D:\GameProject\CPP_Project\Multigame\GameServer\ClientPacketHandler.h(24,65): error C2061: 구문 오류: 식별자 'C_SKILL'
D:\GameProject\CPP_Project\Multigame\GameServer\ClientPacketHandler.h(42,48): error C2039: 'S_ENTERGAME': 'Protocol'의 멤버가 아닙니다.
D:\GameProject\CPP_Project\Multigame\GameServer\Protocol.pb.h(102): message : 'Protocol' 선언을 참조하십시오.
D:\GameProject\CPP_Project\Multigame\GameServer\ClientPacketHandler.h(42,59): error C2061: 구문 오류: 식별자 'S_ENTERGAME'
D:\GameProject\CPP_Project\Multigame\GameServer\ClientPacketHandler.h(43,48): error C2039: 'S_LEAVEGAME': 'Protocol'의 멤버가 아닙니다.
D:\GameProject\CPP_Project\Multigame\GameServer\Protocol.pb.h(102): message : 'Protocol' 선언을 참조하십시오.
D:\GameProject\CPP_Project\Multigame\GameServer\ClientPacketHandler.h(43,59): error C2061: 구문 오류: 식별자 'S_LEAVEGAME'
D:\GameProject\CPP_Project\Multigame\GameServer\ClientPacketHandler.h(43,66): error C2535: 'FrokEngine::SendBufferRef ClientPacketHandler::MakeSendBuffer(void)': 멤버 함수를 이미 정의했거나 선언했습니다.
D:\GameProject\CPP_Project\Multigame\GameServer\ClientPacketHandler.h(42): message : 'ClientPacketHandler::MakeSendBuffer' 선언을 참조하십시오.
D:\GameProject\CPP_Project\Multigame\GameServer\ClientPacketHandler.h(44,48): error C2039: 'S_SPAWN': 'Protocol'의 멤버가 아닙니다.
D:\GameProject\CPP_Project\Multigame\GameServer\Protocol.pb.h(102): message : 'Protocol' 선언을 참조하십시오.
D:\GameProject\CPP_Project\Multigame\GameServer\ClientPacketHandler.h(44,55): error C2061: 구문 오류: 식별자 'S_SPAWN'
D:\GameProject\CPP_Project\Multigame\GameServer\ClientPacketHandler.h(44,62): error C2535: 'FrokEngine::SendBufferRef ClientPacketHandler::MakeSendBuffer(void)': 멤버 함수를 이미 정의했거나 선언했습니다.
D:\GameProject\CPP_Project\Multigame\GameServer\ClientPacketHandler.h(42): message : 'ClientPacketHandler::MakeSendBuffer' 선언을 참조하십시오.
D:\GameProject\CPP_Project\Multigame\GameServer\ClientPacketHandler.h(45,48): error C2039: 'S_DESPAWN': 'Protocol'의 멤버가 아닙니다.
D:\GameProject\CPP_Project\Multigame\GameServer\Protocol.pb.h(102): message : 'Protocol' 선언을 참조하십시오.
D:\GameProject\CPP_Project\Multigame\GameServer\ClientPacketHandler.h(45,57): error C2061: 구문 오류: 식별자 'S_DESPAWN'
D:\GameProject\CPP_Project\Multigame\GameServer\ClientPacketHandler.h(45,64): error C2535: 'FrokEngine::SendBufferRef ClientPacketHandler::MakeSendBuffer(void)': 멤버 함수를 이미 정의했거나 선언했습니다.
D:\GameProject\CPP_Project\Multigame\GameServer\ClientPacketHandler.h(42): message : 'ClientPacketHandler::MakeSendBuffer' 선언을 참조하십시오.
D:\GameProject\CPP_Project\Multigame\GameServer\ClientPacketHandler.h(46,48): error C2039: 'S_MOVE': 'Protocol'의 멤버가 아닙니다.
D:\GameProject\CPP_Project\Multigame\GameServer\Protocol.pb.h(102): message : 'Protocol' 선언을 참조하십시오.
D:\GameProject\CPP_Project\Multigame\GameServer\ClientPacketHandler.h(46,54): error C2061: 구문 오류: 식별자 'S_MOVE'
D:\GameProject\CPP_Project\Multigame\GameServer\ClientPacketHandler.h(46,61): error C2535: 'FrokEngine::SendBufferRef ClientPacketHandler::MakeSendBuffer(void)': 멤버 함수를 이미 정의했거나 선언했습니다.
D:\GameProject\CPP_Project\Multigame\GameServer\ClientPacketHandler.h(42): message : 'ClientPacketHandler::MakeSendBuffer' 선언을 참조하십시오.
D:\GameProject\CPP_Project\Multigame\GameServer\ClientPacketHandler.h(47,48): error C2039: 'S_SKILL': 'Protocol'의 멤버가 아닙니다.
D:\GameProject\CPP_Project\Multigame\GameServer\Protocol.pb.h(102): message : 'Protocol' 선언을 참조하십시오.
D:\GameProject\CPP_Project\Multigame\GameServer\ClientPacketHandler.h(47,55): error C2061: 구문 오류: 식별자 'S_SKILL'
D:\GameProject\CPP_Project\Multigame\GameServer\ClientPacketHandler.h(47,62): error C2535: 'FrokEngine::SendBufferRef ClientPacketHandler::MakeSendBuffer(void)': 멤버 함수를 이미 정의했거나 선언했습니다.
D:\GameProject\CPP_Project\Multigame\GameServer\ClientPacketHandler.h(42): message : 'ClientPacketHandler::MakeSendBuffer' 선언을 참조하십시오.
D:\GameProject\CPP_Project\Multigame\GameServer\ClientPacketHandler.h(48,48): error C2039: 'S_CHANGEHP': 'Protocol'의 멤버가 아닙니다.
D:\GameProject\CPP_Project\Multigame\GameServer\Protocol.pb.h(102): message : 'Protocol' 선언을 참조하십시오.
D:\GameProject\CPP_Project\Multigame\GameServer\ClientPacketHandler.h(48,58): error C2061: 구문 오류: 식별자 'S_CHANGEHP'
D:\GameProject\CPP_Project\Multigame\GameServer\ClientPacketHandler.h(48,65): error C2535: 'FrokEngine::SendBufferRef ClientPacketHandler::MakeSendBuffer(void)': 멤버 함수를 이미 정의했거나 선언했습니다.
D:\GameProject\CPP_Project\Multigame\GameServer\ClientPacketHandler.h(42): message : 'ClientPacketHandler::MakeSendBuffer' 선언을 참조하십시오.
D:\GameProject\CPP_Project\Multigame\GameServer\ClientPacketHandler.h(49,48): error C2039: 'S_DIE': 'Protocol'의 멤버가 아닙니다.
D:\GameProject\CPP_Project\Multigame\GameServer\Protocol.pb.h(102): message : 'Protocol' 선언을 참조하십시오.
D:\GameProject\CPP_Project\Multigame\GameServer\ClientPacketHandler.h(49,53): error C2061: 구문 오류: 식별자 'S_DIE'
D:\GameProject\CPP_Project\Multigame\GameServer\ClientPacketHandler.h(49,60): error C2535: 'FrokEngine::SendBufferRef ClientPacketHandler::MakeSendBuffer(void)': 멤버 함수를 이미 정의했거나 선언했습니다.
D:\GameProject\CPP_Project\Multigame\GameServer\ClientPacketHandler.h(42): message : 'ClientPacketHandler::MakeSendBuffer' 선언을 참조하십시오.
D:\GameProject\CPP_Project\Multigame\GameServer\ClientPacketHandler.h(33,119): error C2039: 'C_MOVE': 'Protocol'의 멤버가 아닙니다.
D:\GameProject\CPP_Project\Multigame\GameServer\Protocol.pb.h(102): message : 'Protocol' 선언을 참조하십시오.
D:\GameProject\CPP_Project\Multigame\GameServer\ClientPacketHandler.h(33,1): error C2065: 'C_MOVE': 선언되지 않은 식별자입니다.
D:\GameProject\CPP_Project\Multigame\GameServer\ClientPacketHandler.h(33,96): error C2672: 'ClientPacketHandler::HandlePacket': 일치하는 오버로드된 함수가 없습니다.
D:\GameProject\CPP_Project\Multigame\GameServer\ClientPacketHandler.h(33,1): error C2974: 'ClientPacketHandler::HandlePacket': 'PacketType'의 템플릿 인수가 잘못되었습니다. 형식이 필요합니다.
D:\GameProject\CPP_Project\Multigame\GameServer\ClientPacketHandler.h(53): message : 'ClientPacketHandler::HandlePacket' 선언을 참조하십시오.
D:\GameProject\CPP_Project\Multigame\GameServer\ClientPacketHandler.h(33,1): error C2679: 이항 '=': 오른쪽 피연산자로 'ClientPacketHandler::Init::<lambda_602895c1dbb987b7ace18d3f475b4a92>' 형식을 사용하는 연산자가 없거나 허용되는 변환이 없습니다.
C:\Program Files\Microsoft Visual Studio\2022\Community\VC\Tools\MSVC\14.31.31103\include\functional(1119,15): message : 'std::function<bool (FrokEngine::PacketSessionRef &,BYTE *,FrokEngine::int32)> &std::function<bool (FrokEngine::PacketSessionRef &,BYTE *,FrokEngine::int32)>::operator =(std::nullptr_t) noexcept'일 수 있습니다.
C:\Program Files\Microsoft Visual Studio\2022\Community\VC\Tools\MSVC\14.31.31103\include\functional(1094,15): message : 또는       'std::function<bool (FrokEngine::PacketSessionRef &,BYTE *,FrokEngine::int32)> &std::function<bool (FrokEngine::PacketSessionRef &,BYTE *,FrokEngine::int32)>::operator =(std::function<bool (FrokEngine::PacketSessionRef &,BYTE *,FrokEngine::int32)> &&) noexcept'
C:\Program Files\Microsoft Visual Studio\2022\Community\VC\Tools\MSVC\14.31.31103\include\functional(1078,15): message : 또는       'std::function<bool (FrokEngine::PacketSessionRef &,BYTE *,FrokEngine::int32)> &std::function<bool (FrokEngine::PacketSessionRef &,BYTE *,FrokEngine::int32)>::operator =(const std::function<bool (FrokEngine::PacketSessionRef &,BYTE *,FrokEngine::int32)> &)'
D:\GameProject\CPP_Project\Multigame\GameServer\ClientPacketHandler.h(33,1): message : 인수 목록 '(PacketHandlerFunc, ClientPacketHandler::Init::<lambda_602895c1dbb987b7ace18d3f475b4a92>)'을(를) 일치시키는 동안
D:\GameProject\CPP_Project\Multigame\GameServer\ClientPacketHandler.h(34,120): error C2039: 'C_SKILL': 'Protocol'의 멤버가 아닙니다.
D:\GameProject\CPP_Project\Multigame\GameServer\Protocol.pb.h(102): message : 'Protocol' 선언을 참조하십시오.
D:\GameProject\CPP_Project\Multigame\GameServer\ClientPacketHandler.h(34,1): error C2065: 'C_SKILL': 선언되지 않은 식별자입니다.
D:\GameProject\CPP_Project\Multigame\GameServer\ClientPacketHandler.h(34,97): error C2672: 'ClientPacketHandler::HandlePacket': 일치하는 오버로드된 함수가 없습니다.
D:\GameProject\CPP_Project\Multigame\GameServer\ClientPacketHandler.h(34,1): error C2974: 'ClientPacketHandler::HandlePacket': 'PacketType'의 템플릿 인수가 잘못되었습니다. 형식이 필요합니다.
D:\GameProject\CPP_Project\Multigame\GameServer\ClientPacketHandler.h(53): message : 'ClientPacketHandler::HandlePacket' 선언을 참조하십시오.
D:\GameProject\CPP_Project\Multigame\GameServer\ClientPacketHandler.h(34,1): error C2679: 이항 '=': 오른쪽 피연산자로 'ClientPacketHandler::Init::<lambda_5cbaa21699ccd95864bc39c7f1dc50f8>' 형식을 사용하는 연산자가 없거나 허용되는 변환이 없습니다.
C:\Program Files\Microsoft Visual Studio\2022\Community\VC\Tools\MSVC\14.31.31103\include\functional(1119,15): message : 'std::function<bool (FrokEngine::PacketSessionRef &,BYTE *,FrokEngine::int32)> &std::function<bool (FrokEngine::PacketSessionRef &,BYTE *,FrokEngine::int32)>::operator =(std::nullptr_t) noexcept'일 수 있습니다.
C:\Program Files\Microsoft Visual Studio\2022\Community\VC\Tools\MSVC\14.31.31103\include\functional(1094,15): message : 또는       'std::function<bool (FrokEngine::PacketSessionRef &,BYTE *,FrokEngine::int32)> &std::function<bool (FrokEngine::PacketSessionRef &,BYTE *,FrokEngine::int32)>::operator =(std::function<bool (FrokEngine::PacketSessionRef &,BYTE *,FrokEngine::int32)> &&) noexcept'
C:\Program Files\Microsoft Visual Studio\2022\Community\VC\Tools\MSVC\14.31.31103\include\functional(1078,15): message : 또는       'std::function<bool (FrokEngine::PacketSessionRef &,BYTE *,FrokEngine::int32)> &std::function<bool (FrokEngine::PacketSessionRef &,BYTE *,FrokEngine::int32)>::operator =(const std::function<bool (FrokEngine::PacketSessionRef &,BYTE *,FrokEngine::int32)> &)'
D:\GameProject\CPP_Project\Multigame\GameServer\ClientPacketHandler.h(34,1): message : 인수 목록 '(PacketHandlerFunc, ClientPacketHandler::Init::<lambda_5cbaa21699ccd95864bc39c7f1dc50f8>)'을(를) 일치시키는 동안
D:\GameProject\CPP_Project\Multigame\GameServer\ClientPacketHandler.h(42,90): error C2065: 'pkt': 선언되지 않은 식별자입니다.
D:\GameProject\CPP_Project\Multigame\GameServer\ClientPacketHandler.h(43,90): error C2065: 'pkt': 선언되지 않은 식별자입니다.
D:\GameProject\CPP_Project\Multigame\GameServer\ClientPacketHandler.h(44,86): error C2065: 'pkt': 선언되지 않은 식별자입니다.
D:\GameProject\CPP_Project\Multigame\GameServer\ClientPacketHandler.h(45,88): error C2065: 'pkt': 선언되지 않은 식별자입니다.
D:\GameProject\CPP_Project\Multigame\GameServer\ClientPacketHandler.h(46,85): error C2065: 'pkt': 선언되지 않은 식별자입니다.
D:\GameProject\CPP_Project\Multigame\GameServer\ClientPacketHandler.h(47,86): error C2065: 'pkt': 선언되지 않은 식별자입니다.
D:\GameProject\CPP_Project\Multigame\GameServer\ClientPacketHandler.h(48,89): error C2065: 'pkt': 선언되지 않은 식별자입니다.
D:\GameProject\CPP_Project\Multigame\GameServer\ClientPacketHandler.h(49,84): error C2065: 'pkt': 선언되지 않은 식별자입니다.
  GameSessionManager.cpp
  Player.cpp
D:\GameProject\CPP_Project\Multigame\GameServer\Player.h(9,12): error C2039: 'PlayerType': 'Protocol'의 멤버가 아닙니다.
D:\GameProject\CPP_Project\Multigame\GameServer\Enum.pb.h(57): message : 'Protocol' 선언을 참조하십시오.
D:\GameProject\CPP_Project\Multigame\GameServer\Player.h(9,23): error C3646: 'type': 알 수 없는 재정의 지정자입니다.
D:\GameProject\CPP_Project\Multigame\GameServer\Player.h(9,28): error C2059: 구문 오류: '='
D:\GameProject\CPP_Project\Multigame\GameServer\Player.h(9,40): error C2039: 'PLAYER_TYPE_NONE': 'Protocol'의 멤버가 아닙니다.
D:\GameProject\CPP_Project\Multigame\GameServer\Enum.pb.h(57): message : 'Protocol' 선언을 참조하십시오.
D:\GameProject\CPP_Project\Multigame\GameServer\Player.h(9,56): error C2238: ';' 앞에 예기치 않은 토큰이 있습니다.
  ClientPacketHandler.cpp
D:\GameProject\CPP_Project\Multigame\GameServer\ClientPacketHandler.h(23,57): error C2039: 'C_MOVE': 'Protocol'의 멤버가 아닙니다.
D:\GameProject\CPP_Project\Multigame\GameServer\Protocol.pb.h(102): message : 'Protocol' 선언을 참조하십시오.
D:\GameProject\CPP_Project\Multigame\GameServer\ClientPacketHandler.h(23,63): error C2061: 구문 오류: 식별자 'C_MOVE'
D:\GameProject\CPP_Project\Multigame\GameServer\ClientPacketHandler.h(24,58): error C2039: 'C_SKILL': 'Protocol'의 멤버가 아닙니다.
D:\GameProject\CPP_Project\Multigame\GameServer\Protocol.pb.h(102): message : 'Protocol' 선언을 참조하십시오.
D:\GameProject\CPP_Project\Multigame\GameServer\ClientPacketHandler.h(24,65): error C2061: 구문 오류: 식별자 'C_SKILL'
D:\GameProject\CPP_Project\Multigame\GameServer\ClientPacketHandler.h(42,48): error C2039: 'S_ENTERGAME': 'Protocol'의 멤버가 아닙니다.
D:\GameProject\CPP_Project\Multigame\GameServer\Protocol.pb.h(102): message : 'Protocol' 선언을 참조하십시오.
D:\GameProject\CPP_Project\Multigame\GameServer\ClientPacketHandler.h(42,59): error C2061: 구문 오류: 식별자 'S_ENTERGAME'
D:\GameProject\CPP_Project\Multigame\GameServer\ClientPacketHandler.h(43,48): error C2039: 'S_LEAVEGAME': 'Protocol'의 멤버가 아닙니다.
D:\GameProject\CPP_Project\Multigame\GameServer\Protocol.pb.h(102): message : 'Protocol' 선언을 참조하십시오.
D:\GameProject\CPP_Project\Multigame\GameServer\ClientPacketHandler.h(43,59): error C2061: 구문 오류: 식별자 'S_LEAVEGAME'
D:\GameProject\CPP_Project\Multigame\GameServer\ClientPacketHandler.h(43,66): error C2535: 'FrokEngine::SendBufferRef ClientPacketHandler::MakeSendBuffer(void)': 멤버 함수를 이미 정의했거나 선언했습니다.
D:\GameProject\CPP_Project\Multigame\GameServer\ClientPacketHandler.h(42): message : 'ClientPacketHandler::MakeSendBuffer' 선언을 참조하십시오.
D:\GameProject\CPP_Project\Multigame\GameServer\ClientPacketHandler.h(44,48): error C2039: 'S_SPAWN': 'Protocol'의 멤버가 아닙니다.
D:\GameProject\CPP_Project\Multigame\GameServer\Protocol.pb.h(102): message : 'Protocol' 선언을 참조하십시오.
D:\GameProject\CPP_Project\Multigame\GameServer\ClientPacketHandler.h(44,55): error C2061: 구문 오류: 식별자 'S_SPAWN'
D:\GameProject\CPP_Project\Multigame\GameServer\ClientPacketHandler.h(44,62): error C2535: 'FrokEngine::SendBufferRef ClientPacketHandler::MakeSendBuffer(void)': 멤버 함수를 이미 정의했거나 선언했습니다.
D:\GameProject\CPP_Project\Multigame\GameServer\ClientPacketHandler.h(42): message : 'ClientPacketHandler::MakeSendBuffer' 선언을 참조하십시오.
D:\GameProject\CPP_Project\Multigame\GameServer\ClientPacketHandler.h(45,48): error C2039: 'S_DESPAWN': 'Protocol'의 멤버가 아닙니다.
D:\GameProject\CPP_Project\Multigame\GameServer\Protocol.pb.h(102): message : 'Protocol' 선언을 참조하십시오.
D:\GameProject\CPP_Project\Multigame\GameServer\ClientPacketHandler.h(45,57): error C2061: 구문 오류: 식별자 'S_DESPAWN'
D:\GameProject\CPP_Project\Multigame\GameServer\ClientPacketHandler.h(45,64): error C2535: 'FrokEngine::SendBufferRef ClientPacketHandler::MakeSendBuffer(void)': 멤버 함수를 이미 정의했거나 선언했습니다.
D:\GameProject\CPP_Project\Multigame\GameServer\ClientPacketHandler.h(42): message : 'ClientPacketHandler::MakeSendBuffer' 선언을 참조하십시오.
D:\GameProject\CPP_Project\Multigame\GameServer\ClientPacketHandler.h(46,48): error C2039: 'S_MOVE': 'Protocol'의 멤버가 아닙니다.
D:\GameProject\CPP_Project\Multigame\GameServer\Protocol.pb.h(102): message : 'Protocol' 선언을 참조하십시오.
D:\GameProject\CPP_Project\Multigame\GameServer\ClientPacketHandler.h(46,54): error C2061: 구문 오류: 식별자 'S_MOVE'
D:\GameProject\CPP_Project\Multigame\GameServer\ClientPacketHandler.h(46,61): error C2535: 'FrokEngine::SendBufferRef ClientPacketHandler::MakeSendBuffer(void)': 멤버 함수를 이미 정의했거나 선언했습니다.
D:\GameProject\CPP_Project\Multigame\GameServer\ClientPacketHandler.h(42): message : 'ClientPacketHandler::MakeSendBuffer' 선언을 참조하십시오.
D:\GameProject\CPP_Project\Multigame\GameServer\ClientPacketHandler.h(47,48): error C2039: 'S_SKILL': 'Protocol'의 멤버가 아닙니다.
D:\GameProject\CPP_Project\Multigame\GameServer\Protocol.pb.h(102): message : 'Protocol' 선언을 참조하십시오.
D:\GameProject\CPP_Project\Multigame\GameServer\ClientPacketHandler.h(47,55): error C2061: 구문 오류: 식별자 'S_SKILL'
D:\GameProject\CPP_Project\Multigame\GameServer\ClientPacketHandler.h(47,62): error C2535: 'FrokEngine::SendBufferRef ClientPacketHandler::MakeSendBuffer(void)': 멤버 함수를 이미 정의했거나 선언했습니다.
D:\GameProject\CPP_Project\Multigame\GameServer\ClientPacketHandler.h(42): message : 'ClientPacketHandler::MakeSendBuffer' 선언을 참조하십시오.
D:\GameProject\CPP_Project\Multigame\GameServer\ClientPacketHandler.h(48,48): error C2039: 'S_CHANGEHP': 'Protocol'의 멤버가 아닙니다.
D:\GameProject\CPP_Project\Multigame\GameServer\Protocol.pb.h(102): message : 'Protocol' 선언을 참조하십시오.
D:\GameProject\CPP_Project\Multigame\GameServer\ClientPacketHandler.h(48,58): error C2061: 구문 오류: 식별자 'S_CHANGEHP'
D:\GameProject\CPP_Project\Multigame\GameServer\ClientPacketHandler.h(48,65): error C2535: 'FrokEngine::SendBufferRef ClientPacketHandler::MakeSendBuffer(void)': 멤버 함수를 이미 정의했거나 선언했습니다.
D:\GameProject\CPP_Project\Multigame\GameServer\ClientPacketHandler.h(42): message : 'ClientPacketHandler::MakeSendBuffer' 선언을 참조하십시오.
D:\GameProject\CPP_Project\Multigame\GameServer\ClientPacketHandler.h(49,48): error C2039: 'S_DIE': 'Protocol'의 멤버가 아닙니다.
D:\GameProject\CPP_Project\Multigame\GameServer\Protocol.pb.h(102): message : 'Protocol' 선언을 참조하십시오.
D:\GameProject\CPP_Project\Multigame\GameServer\ClientPacketHandler.h(49,53): error C2061: 구문 오류: 식별자 'S_DIE'
D:\GameProject\CPP_Project\Multigame\GameServer\ClientPacketHandler.h(49,60): error C2535: 'FrokEngine::SendBufferRef ClientPacketHandler::MakeSendBuffer(void)': 멤버 함수를 이미 정의했거나 선언했습니다.
D:\GameProject\CPP_Project\Multigame\GameServer\ClientPacketHandler.h(42): message : 'ClientPacketHandler::MakeSendBuffer' 선언을 참조하십시오.
D:\GameProject\CPP_Project\Multigame\GameServer\ClientPacketHandler.h(33,119): error C2039: 'C_MOVE': 'Protocol'의 멤버가 아닙니다.
D:\GameProject\CPP_Project\Multigame\GameServer\Protocol.pb.h(102): message : 'Protocol' 선언을 참조하십시오.
D:\GameProject\CPP_Project\Multigame\GameServer\ClientPacketHandler.h(33,1): error C2065: 'C_MOVE': 선언되지 않은 식별자입니다.
D:\GameProject\CPP_Project\Multigame\GameServer\ClientPacketHandler.h(33,96): error C2672: 'ClientPacketHandler::HandlePacket': 일치하는 오버로드된 함수가 없습니다.
D:\GameProject\CPP_Project\Multigame\GameServer\ClientPacketHandler.h(33,1): error C2974: 'ClientPacketHandler::HandlePacket': 'PacketType'의 템플릿 인수가 잘못되었습니다. 형식이 필요합니다.
D:\GameProject\CPP_Project\Multigame\GameServer\ClientPacketHandler.h(53): message : 'ClientPacketHandler::HandlePacket' 선언을 참조하십시오.
D:\GameProject\CPP_Project\Multigame\GameServer\ClientPacketHandler.h(33,1): error C2679: 이항 '=': 오른쪽 피연산자로 'ClientPacketHandler::Init::<lambda_602895c1dbb987b7ace18d3f475b4a92>' 형식을 사용하는 연산자가 없거나 허용되는 변환이 없습니다.
C:\Program Files\Microsoft Visual Studio\2022\Community\VC\Tools\MSVC\14.31.31103\include\functional(1119,15): message : 'std::function<bool (FrokEngine::PacketSessionRef &,BYTE *,FrokEngine::int32)> &std::function<bool (FrokEngine::PacketSessionRef &,BYTE *,FrokEngine::int32)>::operator =(std::nullptr_t) noexcept'일 수 있습니다.
C:\Program Files\Microsoft Visual Studio\2022\Community\VC\Tools\MSVC\14.31.31103\include\functional(1094,15): message : 또는       'std::function<bool (FrokEngine::PacketSessionRef &,BYTE *,FrokEngine::int32)> &std::function<bool (FrokEngine::PacketSessionRef &,BYTE *,FrokEngine::int32)>::operator =(std::function<bool (FrokEngine::PacketSessionRef &,BYTE *,FrokEngine::int32)> &&) noexcept'
C:\Program Files\Microsoft Visual Studio\2022\Community\VC\Tools\MSVC\14.31.31103\include\functional(1078,15): message : 또는       'std::function<bool (FrokEngine::PacketSessionRef &,BYTE *,FrokEngine::int32)> &std::function<bool (FrokEngine::PacketSessionRef &,BYTE *,FrokEngine::int32)>::operator =(const std::function<bool (FrokEngine::PacketSessionRef &,BYTE *,FrokEngine::int32)> &)'
D:\GameProject\CPP_Project\Multigame\GameServer\ClientPacketHandler.h(33,1): message : 인수 목록 '(PacketHandlerFunc, ClientPacketHandler::Init::<lambda_602895c1dbb987b7ace18d3f475b4a92>)'을(를) 일치시키는 동안
D:\GameProject\CPP_Project\Multigame\GameServer\ClientPacketHandler.h(34,120): error C2039: 'C_SKILL': 'Protocol'의 멤버가 아닙니다.
D:\GameProject\CPP_Project\Multigame\GameServer\Protocol.pb.h(102): message : 'Protocol' 선언을 참조하십시오.
D:\GameProject\CPP_Project\Multigame\GameServer\ClientPacketHandler.h(34,1): error C2065: 'C_SKILL': 선언되지 않은 식별자입니다.
D:\GameProject\CPP_Project\Multigame\GameServer\ClientPacketHandler.h(34,97): error C2672: 'ClientPacketHandler::HandlePacket': 일치하는 오버로드된 함수가 없습니다.
D:\GameProject\CPP_Project\Multigame\GameServer\ClientPacketHandler.h(34,1): error C2974: 'ClientPacketHandler::HandlePacket': 'PacketType'의 템플릿 인수가 잘못되었습니다. 형식이 필요합니다.
D:\GameProject\CPP_Project\Multigame\GameServer\ClientPacketHandler.h(53): message : 'ClientPacketHandler::HandlePacket' 선언을 참조하십시오.
D:\GameProject\CPP_Project\Multigame\GameServer\ClientPacketHandler.h(34,1): error C2679: 이항 '=': 오른쪽 피연산자로 'ClientPacketHandler::Init::<lambda_5cbaa21699ccd95864bc39c7f1dc50f8>' 형식을 사용하는 연산자가 없거나 허용되는 변환이 없습니다.
C:\Program Files\Microsoft Visual Studio\2022\Community\VC\Tools\MSVC\14.31.31103\include\functional(1119,15): message : 'std::function<bool (FrokEngine::PacketSessionRef &,BYTE *,FrokEngine::int32)> &std::function<bool (FrokEngine::PacketSessionRef &,BYTE *,FrokEngine::int32)>::operator =(std::nullptr_t) noexcept'일 수 있습니다.
C:\Program Files\Microsoft Visual Studio\2022\Community\VC\Tools\MSVC\14.31.31103\include\functional(1094,15): message : 또는       'std::function<bool (FrokEngine::PacketSessionRef &,BYTE *,FrokEngine::int32)> &std::function<bool (FrokEngine::PacketSessionRef &,BYTE *,FrokEngine::int32)>::operator =(std::function<bool (FrokEngine::PacketSessionRef &,BYTE *,FrokEngine::int32)> &&) noexcept'
C:\Program Files\Microsoft Visual Studio\2022\Community\VC\Tools\MSVC\14.31.31103\include\functional(1078,15): message : 또는       'std::function<bool (FrokEngine::PacketSessionRef &,BYTE *,FrokEngine::int32)> &std::function<bool (FrokEngine::PacketSessionRef &,BYTE *,FrokEngine::int32)>::operator =(const std::function<bool (FrokEngine::PacketSessionRef &,BYTE *,FrokEngine::int32)> &)'
D:\GameProject\CPP_Project\Multigame\GameServer\ClientPacketHandler.h(34,1): message : 인수 목록 '(PacketHandlerFunc, ClientPacketHandler::Init::<lambda_5cbaa21699ccd95864bc39c7f1dc50f8>)'을(를) 일치시키는 동안
D:\GameProject\CPP_Project\Multigame\GameServer\ClientPacketHandler.h(42,90): error C2065: 'pkt': 선언되지 않은 식별자입니다.
D:\GameProject\CPP_Project\Multigame\GameServer\ClientPacketHandler.h(43,90): error C2065: 'pkt': 선언되지 않은 식별자입니다.
D:\GameProject\CPP_Project\Multigame\GameServer\ClientPacketHandler.h(44,86): error C2065: 'pkt': 선언되지 않은 식별자입니다.
D:\GameProject\CPP_Project\Multigame\GameServer\ClientPacketHandler.h(45,88): error C2065: 'pkt': 선언되지 않은 식별자입니다.
D:\GameProject\CPP_Project\Multigame\GameServer\ClientPacketHandler.h(46,85): error C2065: 'pkt': 선언되지 않은 식별자입니다.
D:\GameProject\CPP_Project\Multigame\GameServer\ClientPacketHandler.h(47,86): error C2065: 'pkt': 선언되지 않은 식별자입니다.
D:\GameProject\CPP_Project\Multigame\GameServer\ClientPacketHandler.h(48,89): error C2065: 'pkt': 선언되지 않은 식별자입니다.
D:\GameProject\CPP_Project\Multigame\GameServer\ClientPacketHandler.h(49,84): error C2065: 'pkt': 선언되지 않은 식별자입니다.
D:\GameProject\CPP_Project\Multigame\GameServer\Player.h(9,12): error C2039: 'PlayerType': 'Protocol'의 멤버가 아닙니다.
D:\GameProject\CPP_Project\Multigame\GameServer\Protocol.pb.h(102): message : 'Protocol' 선언을 참조하십시오.
D:\GameProject\CPP_Project\Multigame\GameServer\Player.h(9,23): error C3646: 'type': 알 수 없는 재정의 지정자입니다.
D:\GameProject\CPP_Project\Multigame\GameServer\Player.h(9,28): error C2059: 구문 오류: '='
D:\GameProject\CPP_Project\Multigame\GameServer\Player.h(9,40): error C2039: 'PLAYER_TYPE_NONE': 'Protocol'의 멤버가 아닙니다.
D:\GameProject\CPP_Project\Multigame\GameServer\Protocol.pb.h(102): message : 'Protocol' 선언을 참조하십시오.
D:\GameProject\CPP_Project\Multigame\GameServer\Player.h(9,56): error C2238: ';' 앞에 예기치 않은 토큰이 있습니다.
D:\GameProject\CPP_Project\Multigame\GameServer\ClientPacketHandler.cpp(18,58): error C2039: 'C_LOGIN': 'Protocol'의 멤버가 아닙니다.
D:\GameProject\CPP_Project\Multigame\GameServer\Protocol.pb.h(102): message : 'Protocol' 선언을 참조하십시오.
D:\GameProject\CPP_Project\Multigame\GameServer\ClientPacketHandler.cpp(18,65): error C2061: 구문 오류: 식별자 'C_LOGIN'
D:\GameProject\CPP_Project\Multigame\GameServer\ClientPacketHandler.cpp(24,12): error C2039: 'S_LOGIN': 'Protocol'의 멤버가 아닙니다.
D:\GameProject\CPP_Project\Multigame\GameServer\Protocol.pb.h(102): message : 'Protocol' 선언을 참조하십시오.
D:\GameProject\CPP_Project\Multigame\GameServer\ClientPacketHandler.cpp(24,20): error C2065: 'S_LOGIN': 선언되지 않은 식별자입니다.
D:\GameProject\CPP_Project\Multigame\GameServer\ClientPacketHandler.cpp(24,20): error C2146: 구문 오류: ';'이(가) 'loginPkt' 식별자 앞에 없습니다.
D:\GameProject\CPP_Project\Multigame\GameServer\ClientPacketHandler.cpp(24,20): error C2065: 'loginPkt': 선언되지 않은 식별자입니다.
D:\GameProject\CPP_Project\Multigame\GameServer\ClientPacketHandler.cpp(25,2): error C2065: 'loginPkt': 선언되지 않은 식별자입니다.
D:\GameProject\CPP_Project\Multigame\GameServer\ClientPacketHandler.cpp(34,17): error C2065: 'loginPkt': 선언되지 않은 식별자입니다.
D:\GameProject\CPP_Project\Multigame\GameServer\ClientPacketHandler.cpp(35,9): error C3536: 'player': 초기화되기 전에 사용할 수 없습니다.
D:\GameProject\CPP_Project\Multigame\GameServer\ClientPacketHandler.cpp(36,36): error C2039: 'PLAYER_TYPE_KNIGHT': 'Protocol'의 멤버가 아닙니다.
D:\GameProject\CPP_Project\Multigame\GameServer\Protocol.pb.h(102): message : 'Protocol' 선언을 참조하십시오.
D:\GameProject\CPP_Project\Multigame\GameServer\ClientPacketHandler.cpp(36,54): error C2065: 'PLAYER_TYPE_KNIGHT': 선언되지 않은 식별자입니다.
D:\GameProject\CPP_Project\Multigame\GameServer\ClientPacketHandler.cpp(41,14): error C2039: 'type': 'Player'의 멤버가 아닙니다.
D:\GameProject\CPP_Project\Multigame\GameServer\Player.h(3): message : 'Player' 선언을 참조하십시오.
D:\GameProject\CPP_Project\Multigame\GameServer\ClientPacketHandler.cpp(48,17): error C2065: 'loginPkt': 선언되지 않은 식별자입니다.
D:\GameProject\CPP_Project\Multigame\GameServer\ClientPacketHandler.cpp(49,9): error C3536: 'player': 초기화되기 전에 사용할 수 없습니다.
D:\GameProject\CPP_Project\Multigame\GameServer\ClientPacketHandler.cpp(50,36): error C2039: 'PLAYER_TYPE_MAGE': 'Protocol'의 멤버가 아닙니다.
D:\GameProject\CPP_Project\Multigame\GameServer\Protocol.pb.h(102): message : 'Protocol' 선언을 참조하십시오.
D:\GameProject\CPP_Project\Multigame\GameServer\ClientPacketHandler.cpp(50,52): error C2065: 'PLAYER_TYPE_MAGE': 선언되지 않은 식별자입니다.
D:\GameProject\CPP_Project\Multigame\GameServer\ClientPacketHandler.cpp(55,14): error C2039: 'type': 'Player'의 멤버가 아닙니다.
D:\GameProject\CPP_Project\Multigame\GameServer\Player.h(3): message : 'Player' 선언을 참조하십시오.
D:\GameProject\CPP_Project\Multigame\GameServer\ClientPacketHandler.cpp(61,56): error C2065: 'loginPkt': 선언되지 않은 식별자입니다.
D:\GameProject\CPP_Project\Multigame\GameServer\ClientPacketHandler.cpp(62,26): error C3536: 'sendBuffer': 초기화되기 전에 사용할 수 없습니다.
D:\GameProject\CPP_Project\Multigame\GameServer\ClientPacketHandler.cpp(62,26): error C2664: 'void FrokEngine::Session::Send(FrokEngine::SendBufferRef)': 인수 1을(를) 'int'에서 'FrokEngine::SendBufferRef'(으)로 변환할 수 없습니다.
D:\GameProject\CPP_Project\Multigame\GameServer\ClientPacketHandler.cpp(62,26): message : 소스 형식을 가져올 수 있는 생성자가 없거나 생성자 오버로드 확인이 모호합니다.
D:\GameProject\CPP_Project\Multigame\ServerCore\Session.h(32,11): message : 'FrokEngine::Session::Send' 선언을 참조하십시오.
D:\GameProject\CPP_Project\Multigame\GameServer\ClientPacketHandler.cpp(67,63): error C2039: 'C_ENTER_GAME': 'Protocol'의 멤버가 아닙니다.
D:\GameProject\CPP_Project\Multigame\GameServer\Protocol.pb.h(102): message : 'Protocol' 선언을 참조하십시오.
D:\GameProject\CPP_Project\Multigame\GameServer\ClientPacketHandler.cpp(67,75): error C2061: 구문 오류: 식별자 'C_ENTER_GAME'
D:\GameProject\CPP_Project\Multigame\GameServer\ClientPacketHandler.cpp(71,17): error C2065: 'pkt': 선언되지 않은 식별자입니다.
D:\GameProject\CPP_Project\Multigame\GameServer\ClientPacketHandler.cpp(79,12): error C2039: 'S_ENTER_GAME': 'Protocol'의 멤버가 아닙니다.
D:\GameProject\CPP_Project\Multigame\GameServer\Protocol.pb.h(102): message : 'Protocol' 선언을 참조하십시오.
D:\GameProject\CPP_Project\Multigame\GameServer\ClientPacketHandler.cpp(79,25): error C2065: 'S_ENTER_GAME': 선언되지 않은 식별자입니다.
D:\GameProject\CPP_Project\Multigame\GameServer\ClientPacketHandler.cpp(79,25): error C2146: 구문 오류: ';'이(가) 'enterGamePkt' 식별자 앞에 없습니다.
D:\GameProject\CPP_Project\Multigame\GameServer\ClientPacketHandler.cpp(79,25): error C2065: 'enterGamePkt': 선언되지 않은 식별자입니다.
D:\GameProject\CPP_Project\Multigame\GameServer\ClientPacketHandler.cpp(80,2): error C2065: 'enterGamePkt': 선언되지 않은 식별자입니다.
D:\GameProject\CPP_Project\Multigame\GameServer\ClientPacketHandler.cpp(81,56): error C2065: 'enterGamePkt': 선언되지 않은 식별자입니다.
D:\GameProject\CPP_Project\Multigame\GameServer\ClientPacketHandler.cpp(82,60): error C3536: 'sendBuffer': 초기화되기 전에 사용할 수 없습니다.
D:\GameProject\CPP_Project\Multigame\GameServer\ClientPacketHandler.cpp(82,60): error C2664: 'void FrokEngine::Session::Send(FrokEngine::SendBufferRef)': 인수 1을(를) 'int'에서 'FrokEngine::SendBufferRef'(으)로 변환할 수 없습니다.
D:\GameProject\CPP_Project\Multigame\GameServer\ClientPacketHandler.cpp(82,60): message : 소스 형식을 가져올 수 있는 생성자가 없거나 생성자 오버로드 확인이 모호합니다.
D:\GameProject\CPP_Project\Multigame\ServerCore\Session.h(32,11): message : 'FrokEngine::Session::Send' 선언을 참조하십시오.
D:\GameProject\CPP_Project\Multigame\GameServer\ClientPacketHandler.cpp(87,57): error C2039: 'C_CHAT': 'Protocol'의 멤버가 아닙니다.
D:\GameProject\CPP_Project\Multigame\GameServer\Protocol.pb.h(102): message : 'Protocol' 선언을 참조하십시오.
D:\GameProject\CPP_Project\Multigame\GameServer\ClientPacketHandler.cpp(87,63): error C2061: 구문 오류: 식별자 'C_CHAT'
D:\GameProject\CPP_Project\Multigame\GameServer\ClientPacketHandler.cpp(89,15): error C2065: 'pkt': 선언되지 않은 식별자입니다.
D:\GameProject\CPP_Project\Multigame\GameServer\ClientPacketHandler.cpp(91,12): error C2039: 'S_CHAT': 'Protocol'의 멤버가 아닙니다.
D:\GameProject\CPP_Project\Multigame\GameServer\Protocol.pb.h(102): message : 'Protocol' 선언을 참조하십시오.
D:\GameProject\CPP_Project\Multigame\GameServer\ClientPacketHandler.cpp(91,19): error C2065: 'S_CHAT': 선언되지 않은 식별자입니다.
D:\GameProject\CPP_Project\Multigame\GameServer\ClientPacketHandler.cpp(91,19): error C2146: 구문 오류: ';'이(가) 'chatPkt' 식별자 앞에 없습니다.
D:\GameProject\CPP_Project\Multigame\GameServer\ClientPacketHandler.cpp(91,19): error C2065: 'chatPkt': 선언되지 않은 식별자입니다.
D:\GameProject\CPP_Project\Multigame\GameServer\ClientPacketHandler.cpp(92,2): error C2065: 'chatPkt': 선언되지 않은 식별자입니다.
D:\GameProject\CPP_Project\Multigame\GameServer\ClientPacketHandler.cpp(92,18): error C2065: 'pkt': 선언되지 않은 식별자입니다.
D:\GameProject\CPP_Project\Multigame\GameServer\ClientPacketHandler.cpp(93,56): error C2065: 'chatPkt': 선언되지 않은 식별자입니다.
D:\GameProject\CPP_Project\Multigame\GameServer\ClientPacketHandler.cpp(95,45): error C3536: 'sendBuffer': 초기화되기 전에 사용할 수 없습니다.
D:\GameProject\CPP_Project\Multigame\GameServer\ClientPacketHandler.cpp(95,45): error C2660: 'FrokEngine::JobQueue::DoAsync': 함수는 2개의 인수를 사용하지 않습니다.
D:\GameProject\CPP_Project\Multigame\ServerCore\JobQueue.h(15,8): message : 'FrokEngine::JobQueue::DoAsync' 선언을 참조하십시오.
  Room.cpp
D:\GameProject\CPP_Project\Multigame\GameServer\Player.h(9,12): error C2039: 'PlayerType': 'Protocol'의 멤버가 아닙니다.
D:\GameProject\CPP_Project\Multigame\GameServer\Enum.pb.h(57): message : 'Protocol' 선언을 참조하십시오.
D:\GameProject\CPP_Project\Multigame\GameServer\Player.h(9,23): error C3646: 'type': 알 수 없는 재정의 지정자입니다.
D:\GameProject\CPP_Project\Multigame\GameServer\Player.h(9,28): error C2059: 구문 오류: '='
D:\GameProject\CPP_Project\Multigame\GameServer\Player.h(9,40): error C2039: 'PLAYER_TYPE_NONE': 'Protocol'의 멤버가 아닙니다.
D:\GameProject\CPP_Project\Multigame\GameServer\Enum.pb.h(57): message : 'Protocol' 선언을 참조하십시오.
D:\GameProject\CPP_Project\Multigame\GameServer\Player.h(9,56): error C2238: ';' 앞에 예기치 않은 토큰이 있습니다.
